Starting ingestion for Surah 2...
Fetching Ayahs from API...
Processing 286 Ayahs...
[1/286] Processing Ayah 2:1...
[2/286] Processing Ayah 2:2...
[3/286] Processing Ayah 2:3...
[4/286] Processing Ayah 2:4...
  -> Linked to Category: Tafsir (Exegesis)
[5/286] Processing Ayah 2:5...
[6/286] Processing Ayah 2:6...
  -> Linked to Category: Al-Mutlaq wa al-Muqayyad (Absolute vs. Restricted)
[7/286] Processing Ayah 2:7...
[8/286] Processing Ayah 2:8...
  -> Linked to Category: Creed & Theology
[9/286] Processing Ayah 2:9...
  -> Linked to Category: Tawhid
[10/286] Processing Ayah 2:10...
  -> Linked to Category: Tafsir (Exegesis)
[11/286] Processing Ayah 2:11...
  -> Linked to Category: Tafsir (Exegesis)
[12/286] Processing Ayah 2:12...
[13/286] Processing Ayah 2:13...
  -> Linked to Category: Tafsir (Exegesis)
[14/286] Processing Ayah 2:14...
[15/286] Processing Ayah 2:15...
[16/286] Processing Ayah 2:16...
[17/286] Processing Ayah 2:17...
  -> Linked to Category: Al-Haqiqah wa al-Majaz (Literal vs. Metaphorical)
[18/286] Processing Ayah 2:18...
  -> Linked to Category: Tafsir (Exegesis)
[19/286] Processing Ayah 2:19...
[20/286] Processing Ayah 2:20...
  -> Linked to Category: Tafsir (Exegesis)
[21/286] Processing Ayah 2:21...
  -> Linked to Category: Tafsir (Exegesis)
[22/286] Processing Ayah 2:22...
[23/286] Processing Ayah 2:23...
[24/286] Processing Ayah 2:24...
  -> Linked to Category: Tafsir (Exegesis)
[25/286] Processing Ayah 2:25...
[26/286] Processing Ayah 2:26...
  -> Linked to Category: Al-Haqiqah wa al-Majaz (Literal vs. Metaphorical)
[27/286] Processing Ayah 2:27...
[28/286] Processing Ayah 2:28...
  -> Linked to Category: Tafsir (Exegesis)
[29/286] Processing Ayah 2:29...
[30/286] Processing Ayah 2:30...
  -> Linked to Category: Tafsir (Exegesis)
[31/286] Processing Ayah 2:31...
  -> Linked to Category: Tawhid al-Asma' wa al-Sifat (Names/Attributes)
[32/286] Processing Ayah 2:32...
  -> Linked to Category: Tafsir (Exegesis)
[33/286] Processing Ayah 2:33...
  -> Linked to Category: Tawhid al-Asma' wa al-Sifat (Names/Attributes)
[34/286] Processing Ayah 2:34...
  -> Linked to Category: Tafsir (Exegesis)
[35/286] Processing Ayah 2:35...
  -> Linked to Category: Tafsir (Exegesis)
[36/286] Processing Ayah 2:36...
  -> Linked to Category: Tafsir (Exegesis)
[37/286] Processing Ayah 2:37...
  -> Linked to Category: Tafsir (Exegesis)
[38/286] Processing Ayah 2:38...
[39/286] Processing Ayah 2:39...
[40/286] Processing Ayah 2:40...
[41/286] Processing Ayah 2:41...
[42/286] Processing Ayah 2:42...
  -> Linked to Category: Tafsir (Exegesis)
[43/286] Processing Ayah 2:43...
  -> Linked to Category: Tafsir (Exegesis)
[44/286] Processing Ayah 2:44...
  -> Linked to Category: Al-Aam wa al-Khas (General vs. Specific)
[45/286] Processing Ayah 2:45...
[46/286] Processing Ayah 2:46...
  -> Linked to Category: Tawhid
[47/286] Processing Ayah 2:47...
  -> Linked to Category: Tafsir (Exegesis)
[48/286] Processing Ayah 2:48...
[49/286] Processing Ayah 2:49...
  -> Linked to Category: Tafsir (Exegesis)
[50/286] Processing Ayah 2:50...
[51/286] Processing Ayah 2:51...
[52/286] Processing Ayah 2:52...
[53/286] Processing Ayah 2:53...
[54/286] Processing Ayah 2:54...
[55/286] Processing Ayah 2:55...
[56/286] Processing Ayah 2:56...
[57/286] Processing Ayah 2:57...
  -> Linked to Category: Tafsir (Exegesis)
[58/286] Processing Ayah 2:58...
[59/286] Processing Ayah 2:59...
[60/286] Processing Ayah 2:60...
[61/286] Processing Ayah 2:61...
[62/286] Processing Ayah 2:62...
[63/286] Processing Ayah 2:63...
  -> Linked to Category: Tafsir (Exegesis)
[64/286] Processing Ayah 2:64...
  -> Linked to Category: Tafsir (Exegesis)
[65/286] Processing Ayah 2:65...
  -> Linked to Category: Tafsir (Exegesis)
[66/286] Processing Ayah 2:66...
[67/286] Processing Ayah 2:67...
[68/286] Processing Ayah 2:68...
[69/286] Processing Ayah 2:69...
  -> Linked to Category: Tafsir (Exegesis)
[70/286] Processing Ayah 2:70...
  -> Linked to Category: Al-Mutlaq wa al-Muqayyad (Absolute vs. Restricted)
[71/286] Processing Ayah 2:71...
  -> Linked to Category: Tafsir (Exegesis)
[72/286] Processing Ayah 2:72...
[73/286] Processing Ayah 2:73...
  -> Linked to Category: Tafsir (Exegesis)
[74/286] Processing Ayah 2:74...
  -> Linked to Category: Tafsir (Exegesis)
[75/286] Processing Ayah 2:75...
[76/286] Processing Ayah 2:76...
[77/286] Processing Ayah 2:77...
[78/286] Processing Ayah 2:78...
  -> Linked to Category: Al-Haqiqah wa al-Majaz (Literal vs. Metaphorical)
[79/286] Processing Ayah 2:79...
[80/286] Processing Ayah 2:80...
[81/286] Processing Ayah 2:81...
[82/286] Processing Ayah 2:82...
[83/286] Processing Ayah 2:83...
  -> Linked to Category: Tafsir (Exegesis)
[84/286] Processing Ayah 2:84...
[85/286] Processing Ayah 2:85...
[86/286] Processing Ayah 2:86...
[87/286] Processing Ayah 2:87...
  -> Linked to Category: Tafsir (Exegesis)
[88/286] Processing Ayah 2:88...
  -> Linked to Category: Tafsir (Exegesis)
[89/286] Processing Ayah 2:89...
  -> Linked to Category: Tafsir (Exegesis)
[90/286] Processing Ayah 2:90...
  -> Linked to Category: Tafsir (Exegesis)
[91/286] Processing Ayah 2:91...
[92/286] Processing Ayah 2:92...
[93/286] Processing Ayah 2:93...
[94/286] Processing Ayah 2:94...
[95/286] Processing Ayah 2:95...
[96/286] Processing Ayah 2:96...
  -> Linked to Category: Tafsir (Exegesis)
[97/286] Processing Ayah 2:97...
[98/286] Processing Ayah 2:98...
  -> Linked to Category: Tawhid
[99/286] Processing Ayah 2:99...
  -> Linked to Category: Tafsir (Exegesis)
[100/286] Processing Ayah 2:100...
[101/286] Processing Ayah 2:101...
[102/286] Processing Ayah 2:102...
[103/286] Processing Ayah 2:103...
[104/286] Processing Ayah 2:104...
  -> Linked to Category: Tafsir (Exegesis)
[105/286] Processing Ayah 2:105...
  -> Linked to Category: Tafsir (Exegesis)
[106/286] Processing Ayah 2:106...
[107/286] Processing Ayah 2:107...
  -> Linked to Category: Tawhid
[108/286] Processing Ayah 2:108...
[109/286] Processing Ayah 2:109...
  -> Linked to Category: Tafsir (Exegesis)
[110/286] Processing Ayah 2:110...
[111/286] Processing Ayah 2:111...
[112/286] Processing Ayah 2:112...
  -> Linked to Category: Tafsir (Exegesis)
[113/286] Processing Ayah 2:113...
[114/286] Processing Ayah 2:114...
  -> Linked to Category: Tafsir (Exegesis)
[115/286] Processing Ayah 2:115...
  -> Linked to Category: Tafsir (Exegesis)
[116/286] Processing Ayah 2:116...
[117/286] Processing Ayah 2:117...
[118/286] Processing Ayah 2:118...
[119/286] Processing Ayah 2:119...
  -> Linked to Category: Tafsir (Exegesis)
[120/286] Processing Ayah 2:120...
[121/286] Processing Ayah 2:121...
  -> Linked to Category: Tafsir (Exegesis)
[122/286] Processing Ayah 2:122...
[123/286] Processing Ayah 2:123...
[124/286] Processing Ayah 2:124...
[125/286] Processing Ayah 2:125...
[126/286] Processing Ayah 2:126...
  -> Linked to Category: Tafsir (Exegesis)
[127/286] Processing Ayah 2:127...
[128/286] Processing Ayah 2:128...
[129/286] Processing Ayah 2:129...
[130/286] Processing Ayah 2:130...
[131/286] Processing Ayah 2:131...
[132/286] Processing Ayah 2:132...
[133/286] Processing Ayah 2:133...
  -> Linked to Category: Tawhid
[134/286] Processing Ayah 2:134...
[135/286] Processing Ayah 2:135...
[136/286] Processing Ayah 2:136...
  -> Linked to Category: Creed & Theology
[137/286] Processing Ayah 2:137...
[138/286] Processing Ayah 2:138...
[139/286] Processing Ayah 2:139...
[140/286] Processing Ayah 2:140...
  -> Linked to Category: Tafsir (Exegesis)
[141/286] Processing Ayah 2:141...
[142/286] Processing Ayah 2:142...
[143/286] Processing Ayah 2:143...
[144/286] Processing Ayah 2:144...
[145/286] Processing Ayah 2:145...
  -> Linked to Category: Tafsir (Exegesis)
[146/286] Processing Ayah 2:146...
  -> Linked to Category: Tafsir (Exegesis)
[147/286] Processing Ayah 2:147...
  -> Linked to Category: Tafsir (Exegesis)
[148/286] Processing Ayah 2:148...
  -> Linked to Category: Tafsir (Exegesis)
[149/286] Processing Ayah 2:149...
[150/286] Processing Ayah 2:150...
  -> Linked to Category: Tafsir (Exegesis)
[151/286] Processing Ayah 2:151...
[152/286] Processing Ayah 2:152...
  -> Linked to Category: Tafsir (Exegesis)
[153/286] Processing Ayah 2:153...
[154/286] Processing Ayah 2:154...
  -> Linked to Category: Tafsir (Exegesis)
[155/286] Processing Ayah 2:155...
[156/286] Processing Ayah 2:156...
[157/286] Processing Ayah 2:157...
[158/286] Processing Ayah 2:158...
[159/286] Processing Ayah 2:159...
  -> Linked to Category: Tafsir (Exegesis)
[160/286] Processing Ayah 2:160...
[161/286] Processing Ayah 2:161...
[162/286] Processing Ayah 2:162...
  -> Linked to Category: Tafsir (Exegesis)
[163/286] Processing Ayah 2:163...
  -> Linked to Category: Tawhid
[164/286] Processing Ayah 2:164...
[165/286] Processing Ayah 2:165...
  -> Linked to Category: Tawhid
[166/286] Processing Ayah 2:166...
  -> Linked to Category: Tafsir (Exegesis)
[167/286] Processing Ayah 2:167...
  -> Linked to Category: Tafsir (Exegesis)
[168/286] Processing Ayah 2:168...
  -> Linked to Category: Tafsir (Exegesis)
[169/286] Processing Ayah 2:169...
  -> Linked to Category: Tafsir (Exegesis)
[170/286] Processing Ayah 2:170...
[171/286] Processing Ayah 2:171...
[172/286] Processing Ayah 2:172...
  -> Linked to Category: Tafsir (Exegesis)
[173/286] Processing Ayah 2:173...
  -> Linked to Category: Tafsir (Exegesis)
[174/286] Processing Ayah 2:174...
[175/286] Processing Ayah 2:175...
[176/286] Processing Ayah 2:176...
  -> Linked to Category: Tafsir (Exegesis)
[177/286] Processing Ayah 2:177...
[178/286] Processing Ayah 2:178...
[179/286] Processing Ayah 2:179...
[180/286] Processing Ayah 2:180...
  -> Linked to Category: Tafsir (Exegesis)
[181/286] Processing Ayah 2:181...
[182/286] Processing Ayah 2:182...
[183/286] Processing Ayah 2:183...
  -> Linked to Category: Tafsir (Exegesis)
[184/286] Processing Ayah 2:184...
[185/286] Processing Ayah 2:185...
[186/286] Processing Ayah 2:186...
[187/286] Processing Ayah 2:187...
[188/286] Processing Ayah 2:188...
  -> Linked to Category: Tafsir (Exegesis)
[189/286] Processing Ayah 2:189...
[190/286] Processing Ayah 2:190...
[191/286] Processing Ayah 2:191...
  -> Linked to Category: Tafsir (Exegesis)
[192/286] Processing Ayah 2:192...
  -> Linked to Category: Tafsir (Exegesis)
[193/286] Processing Ayah 2:193...
[194/286] Processing Ayah 2:194...
  -> Linked to Category: Tafsir (Exegesis)
[195/286] Processing Ayah 2:195...
  -> Linked to Category: Tafsir (Exegesis)
[196/286] Processing Ayah 2:196...
  -> Linked to Category: Tafsir (Exegesis)
[197/286] Processing Ayah 2:197...
[198/286] Processing Ayah 2:198...
  -> Linked to Category: Tafsir (Exegesis)
[199/286] Processing Ayah 2:199...
[200/286] Processing Ayah 2:200...
  -> Linked to Category: Tafsir (Exegesis)
[201/286] Processing Ayah 2:201...
[202/286] Processing Ayah 2:202...
[203/286] Processing Ayah 2:203...
[204/286] Processing Ayah 2:204...
[205/286] Processing Ayah 2:205...
  -> Linked to Category: Tafsir (Exegesis)
[206/286] Processing Ayah 2:206...
[207/286] Processing Ayah 2:207...
[208/286] Processing Ayah 2:208...
  -> Linked to Category: Tafsir (Exegesis)
[209/286] Processing Ayah 2:209...
[210/286] Processing Ayah 2:210...
[211/286] Processing Ayah 2:211...
[212/286] Processing Ayah 2:212...
[213/286] Processing Ayah 2:213...
[214/286] Processing Ayah 2:214...
[215/286] Processing Ayah 2:215...
  -> Linked to Category: Tafsir (Exegesis)
[216/286] Processing Ayah 2:216...
[217/286] Processing Ayah 2:217...
[218/286] Processing Ayah 2:218...
  -> Linked to Category: Tafsir (Exegesis)
[219/286] Processing Ayah 2:219...
[220/286] Processing Ayah 2:220...
  -> Linked to Category: Tafsir (Exegesis)
[221/286] Processing Ayah 2:221...
  -> Linked to Category: Tafsir (Exegesis)
[222/286] Processing Ayah 2:222...
[223/286] Processing Ayah 2:223...
[224/286] Processing Ayah 2:224...
[225/286] Processing Ayah 2:225...
  -> Linked to Category: Tafsir (Exegesis)
[226/286] Processing Ayah 2:226...
[227/286] Processing Ayah 2:227...
[228/286] Processing Ayah 2:228...
[229/286] Processing Ayah 2:229...
[230/286] Processing Ayah 2:230...
[231/286] Processing Ayah 2:231...
[232/286] Processing Ayah 2:232...
[233/286] Processing Ayah 2:233...
[234/286] Processing Ayah 2:234...
[235/286] Processing Ayah 2:235...
[236/286] Processing Ayah 2:236...
[237/286] Processing Ayah 2:237...
[238/286] Processing Ayah 2:238...
[239/286] Processing Ayah 2:239...
[240/286] Processing Ayah 2:240...
  -> Linked to Category: Tafsir (Exegesis)
[241/286] Processing Ayah 2:241...
[242/286] Processing Ayah 2:242...
[243/286] Processing Ayah 2:243...
[244/286] Processing Ayah 2:244...
[245/286] Processing Ayah 2:245...
[246/286] Processing Ayah 2:246...
[247/286] Processing Ayah 2:247...
[248/286] Processing Ayah 2:248...
  -> Linked to Category: Tafsir (Exegesis)
[249/286] Processing Ayah 2:249...
[250/286] Processing Ayah 2:250...
[251/286] Processing Ayah 2:251...
  -> Linked to Category: Tafsir (Exegesis)
[252/286] Processing Ayah 2:252...
  -> Linked to Category: Tafsir (Exegesis)
[253/286] Processing Ayah 2:253...
[254/286] Processing Ayah 2:254...
[255/286] Processing Ayah 2:255...
  -> Linked to Category: Tawhid al-Asma' wa al-Sifat (Names/Attributes)
[256/286] Processing Ayah 2:256...
[257/286] Processing Ayah 2:257...
[258/286] Processing Ayah 2:258...
[259/286] Processing Ayah 2:259...
[260/286] Processing Ayah 2:260...
[261/286] Processing Ayah 2:261...
  -> Linked to Category: Tafsir (Exegesis)
[262/286] Processing Ayah 2:262...
[263/286] Processing Ayah 2:263...
  -> Linked to Category: Adab al-Mufassir (Etiquette and Ethics)
[264/286] Processing Ayah 2:264...
[265/286] Processing Ayah 2:265...
[266/286] Processing Ayah 2:266...
  -> Linked to Category: Tafsir (Exegesis)
[267/286] Processing Ayah 2:267...
  -> Linked to Category: Tafsir (Exegesis)
[268/286] Processing Ayah 2:268...
[269/286] Processing Ayah 2:269...
[270/286] Processing Ayah 2:270...
  -> Linked to Category: Tafsir (Exegesis)
[271/286] Processing Ayah 2:271...
  -> Linked to Category: Tafsir (Exegesis)
[272/286] Processing Ayah 2:272...
[273/286] Processing Ayah 2:273...
  -> Linked to Category: Tafsir (Exegesis)
[274/286] Processing Ayah 2:274...
  -> Linked to Category: Tafsir (Exegesis)
[275/286] Processing Ayah 2:275...
[276/286] Processing Ayah 2:276...
[277/286] Processing Ayah 2:277...
[278/286] Processing Ayah 2:278...
[279/286] Processing Ayah 2:279...
  -> Linked to Category: Tafsir (Exegesis)
[280/286] Processing Ayah 2:280...
  -> Linked to Category: Tafsir (Exegesis)
[281/286] Processing Ayah 2:281...
[282/286] Processing Ayah 2:282...
  -> Linked to Category: Tafsir (Exegesis)
[283/286] Processing Ayah 2:283...
[284/286] Processing Ayah 2:284...
[285/286] Processing Ayah 2:285...
[286/286] Processing Ayah 2:286...

✅ Ingestion of 286 ayahs complete!
